{
  "stats": {
    "suites": 2,
    "tests": 2,
    "passes": 1,
    "pending": 0,
    "failures": 1,
    "start": "2024-10-02T21:56:39.837Z",
    "end": "2024-10-02T21:56:53.161Z",
    "duration": 13324,
    "testsRegistered": 2,
    "passPercent": 50,
    "pendingPercent": 0,
    "other": 0,
    "hasOther": false,
    "skipped": 0,
    "hasSkipped": false
  },
  "results": [
    {
      "uuid": "23cca731-64ab-4638-bddb-8286a38bec8c",
      "title": "",
      "fullFile": "C:\\Users\\mate9\\Documents\\Proyectos\\Selenium\\test\\01.shopping.pom.spec.js",
      "file": "\\test\\01.shopping.pom.spec.js",
      "beforeHooks": [],
      "afterHooks": [],
      "tests": [],
      "suites": [
        {
          "uuid": "07ff79fd-dc94-4e5f-8233-f79b001ddd9b",
          "title": "Add products to shopping cart - POM, Before() and After() hooks",
          "fullFile": "C:\\Users\\mate9\\Documents\\Proyectos\\Selenium\\test\\01.shopping.pom.spec.js",
          "file": "\\test\\01.shopping.pom.spec.js",
          "beforeHooks": [
            {
              "title": "\"before all\" hook in \"Add products to shopping cart - POM, Before() and After() hooks\"",
              "fullTitle": "Add products to shopping cart - POM, Before() and After() hooks \"before all\" hook in \"Add products to shopping cart - POM, Before() and After() hooks\"",
              "timedOut": false,
              "duration": 4807,
              "state": null,
              "speed": null,
              "pass": false,
              "fail": false,
              "pending": false,
              "context": null,
              "code": "driver = await new Builder().forBrowser(\"chrome\").build();\npage = new Homepage(driver);\nawait page.goto();",
              "err": {},
              "uuid": "55ee7d9a-c489-44d6-aca0-3c16c2d0c523",
              "parentUUID": "07ff79fd-dc94-4e5f-8233-f79b001ddd9b",
              "isHook": true,
              "skipped": false
            }
          ],
          "afterHooks": [
            {
              "title": "\"after all\" hook in \"Add products to shopping cart - POM, Before() and After() hooks\"",
              "fullTitle": "Add products to shopping cart - POM, Before() and After() hooks \"after all\" hook in \"Add products to shopping cart - POM, Before() and After() hooks\"",
              "timedOut": false,
              "duration": 46,
              "state": null,
              "speed": null,
              "pass": false,
              "fail": false,
              "pending": false,
              "context": null,
              "code": "if (driver) {\n    await driver.quit();\n}",
              "err": {},
              "uuid": "277e6f38-2163-48df-b2e7-da2552c64923",
              "parentUUID": "07ff79fd-dc94-4e5f-8233-f79b001ddd9b",
              "isHook": true,
              "skipped": false
            }
          ],
          "tests": [],
          "suites": [
            {
              "uuid": "7d52ec4c-1cb7-4565-9b34-97b2be24c4da",
              "title": "1. Add product with different quantities ",
              "fullFile": "C:\\Users\\mate9\\Documents\\Proyectos\\Selenium\\test\\01.shopping.pom.spec.js",
              "file": "\\test\\01.shopping.pom.spec.js",
              "beforeHooks": [],
              "afterHooks": [],
              "tests": [
                {
                  "title": "Iterance 1 item Humidificador. Enter the page, close the promotions and search for the product",
                  "fullTitle": "Add products to shopping cart - POM, Before() and After() hooks 1. Add product with different quantities  Iterance 1 item Humidificador. Enter the page, close the promotions and search for the product",
                  "timedOut": false,
                  "duration": 3152,
                  "state": "passed",
                  "speed": "slow",
                  "pass": true,
                  "fail": false,
                  "pending": false,
                  "context": null,
                  "code": "await page.validatePageUrl(data.baseUrl);\nawait page.closePromo();\nthis.timeout(2000);\nawait page.searchArticle(data.itemToSearch[i]);\nawait page.takeScreenshot(`search_article_${i + 1}.png`);\nthis.timeout(2000);\nawait page.validateSearch(data.itemToSearch[i]);",
                  "err": {},
                  "uuid": "b7eb1d53-66c3-43c9-a397-4ae2c588ba79",
                  "parentUUID": "7d52ec4c-1cb7-4565-9b34-97b2be24c4da",
                  "isHook": false,
                  "skipped": false
                },
                {
                  "title": "add the product to cart Humidificador ",
                  "fullTitle": "Add products to shopping cart - POM, Before() and After() hooks 1. Add product with different quantities  add the product to cart Humidificador ",
                  "timedOut": false,
                  "duration": 5310,
                  "state": "failed",
                  "speed": null,
                  "pass": false,
                  "fail": true,
                  "pending": false,
                  "context": null,
                  "code": "await page.selectItem();\nthis.timeout(2000);",
                  "err": {
                    "message": "NoSuchElementError: no such element: Unable to locate element: {\"method\":\"css selector\",\"selector\":\".comet-v2-btn.add-to-cart--addtocart--Qhoji3M.comet-v2-btn-important\"}\n  (Session info: chrome=129.0.6668.90)",
                    "estack": "NoSuchElementError: no such element: Unable to locate element: {\"method\":\"css selector\",\"selector\":\".comet-v2-btn.add-to-cart--addtocart--Qhoji3M.comet-v2-btn-important\"}\n  (Session info: chrome=129.0.6668.90)\n    at Object.throwDecodedError (node_modules\\selenium-webdriver\\lib\\error.js:521:15)\n    at parseHttpResponse (node_modules\\selenium-webdriver\\lib\\http.js:514:13)\n    at Executor.execute (node_modules\\selenium-webdriver\\lib\\http.js:446:28)\n    at process.processTicksAndRejections (node:internal/process/task_queues:105:5)\n    at async Driver.execute (node_modules\\selenium-webdriver\\lib\\webdriver.js:744:17)\n    at async Homepage.selectItem (pages\\Homepage.js:79:37)\n    at async Context.<anonymous> (test\\01.shopping.pom.spec.js:42:17)",
                    "diff": null
                  },
                  "uuid": "34b4d1e2-edbe-4707-af9c-9ca6269062d7",
                  "parentUUID": "7d52ec4c-1cb7-4565-9b34-97b2be24c4da",
                  "isHook": false,
                  "skipped": false
                }
              ],
              "suites": [],
              "passes": [
                "b7eb1d53-66c3-43c9-a397-4ae2c588ba79"
              ],
              "failures": [
                "34b4d1e2-edbe-4707-af9c-9ca6269062d7"
              ],
              "pending": [],
              "skipped": [],
              "duration": 8462,
              "root": false,
              "rootEmpty": false,
              "_timeout": 10000
            }
          ],
          "passes": [],
          "failures": [],
          "pending": [],
          "skipped": [],
          "duration": 0,
          "root": false,
          "rootEmpty": false,
          "_timeout": 2000
        }
      ],
      "passes": [],
      "failures": [],
      "pending": [],
      "skipped": [],
      "duration": 0,
      "root": true,
      "rootEmpty": true,
      "_timeout": 10000
    }
  ],
  "meta": {
    "mocha": {
      "version": "10.7.3"
    },
    "mochawesome": {
      "options": {
        "quiet": false,
        "reportFilename": "mochawesome",
        "saveHtml": true,
        "saveJson": true,
        "consoleReporter": "spec",
        "useInlineDiffs": false,
        "code": true
      },
      "version": "7.1.3"
    },
    "marge": {
      "options": null,
      "version": "6.2.0"
    }
  }
}