{
  "stats": {
    "suites": 2,
    "tests": 4,
    "passes": 4,
    "pending": 0,
    "failures": 0,
    "start": "2024-10-02T22:24:14.774Z",
    "end": "2024-10-02T22:24:34.453Z",
    "duration": 19679,
    "testsRegistered": 4,
    "passPercent": 100,
    "pendingPercent": 0,
    "other": 0,
    "hasOther": false,
    "skipped": 0,
    "hasSkipped": false
  },
  "results": [
    {
      "uuid": "1d56bd67-2413-4d77-982d-968a8336e919",
      "title": "",
      "fullFile": "C:\\Users\\mate9\\Documents\\Proyectos\\Selenium\\test\\01.shopping.pom.spec.js",
      "file": "\\test\\01.shopping.pom.spec.js",
      "beforeHooks": [],
      "afterHooks": [],
      "tests": [],
      "suites": [
        {
          "uuid": "87521c27-21a7-4970-9ffc-7291fa183f3f",
          "title": "Add products to shopping cart - POM, Before() and After() hooks",
          "fullFile": "C:\\Users\\mate9\\Documents\\Proyectos\\Selenium\\test\\01.shopping.pom.spec.js",
          "file": "\\test\\01.shopping.pom.spec.js",
          "beforeHooks": [
            {
              "title": "\"before all\" hook in \"Add products to shopping cart - POM, Before() and After() hooks\"",
              "fullTitle": "Add products to shopping cart - POM, Before() and After() hooks \"before all\" hook in \"Add products to shopping cart - POM, Before() and After() hooks\"",
              "timedOut": false,
              "duration": 5073,
              "state": null,
              "speed": null,
              "pass": false,
              "fail": false,
              "pending": false,
              "context": null,
              "code": "driver = await new Builder().forBrowser(\"chrome\").build();\npage = new Homepage(driver);\nawait page.goto();",
              "err": {},
              "uuid": "f9a654c4-5c4a-48f7-9fd0-2720aacc63af",
              "parentUUID": "87521c27-21a7-4970-9ffc-7291fa183f3f",
              "isHook": true,
              "skipped": false
            }
          ],
          "afterHooks": [
            {
              "title": "\"after all\" hook in \"Add products to shopping cart - POM, Before() and After() hooks\"",
              "fullTitle": "Add products to shopping cart - POM, Before() and After() hooks \"after all\" hook in \"Add products to shopping cart - POM, Before() and After() hooks\"",
              "timedOut": false,
              "duration": 48,
              "state": null,
              "speed": null,
              "pass": false,
              "fail": false,
              "pending": false,
              "context": null,
              "code": "if (driver) {\n    await driver.quit();\n}",
              "err": {},
              "uuid": "6515266e-d450-4249-8818-aa99e22919e9",
              "parentUUID": "87521c27-21a7-4970-9ffc-7291fa183f3f",
              "isHook": true,
              "skipped": false
            }
          ],
          "tests": [],
          "suites": [
            {
              "uuid": "e30e1be9-265a-417d-8ae7-cfafe1ec3619",
              "title": "1. Add product with different quantities ",
              "fullFile": "C:\\Users\\mate9\\Documents\\Proyectos\\Selenium\\test\\01.shopping.pom.spec.js",
              "file": "\\test\\01.shopping.pom.spec.js",
              "beforeHooks": [],
              "afterHooks": [],
              "tests": [
                {
                  "title": "Iterance 1 item Humidificador. Enter the page, close the promotions and search for the product",
                  "fullTitle": "Add products to shopping cart - POM, Before() and After() hooks 1. Add product with different quantities  Iterance 1 item Humidificador. Enter the page, close the promotions and search for the product",
                  "timedOut": false,
                  "duration": 2820,
                  "state": "passed",
                  "speed": "slow",
                  "pass": true,
                  "fail": false,
                  "pending": false,
                  "context": null,
                  "code": "await page.validatePageUrl(data.baseUrl);\nawait page.closePromo();\nthis.timeout(2000);\nawait page.searchArticle(data.itemToSearch[i]);\nawait page.takeScreenshot(`search_article_${i + 1}.png`);\nthis.timeout(2000);\nawait page.validateSearch(data.itemToSearch[i]);",
                  "err": {},
                  "uuid": "958a8217-cc63-4181-8892-f009570ee17b",
                  "parentUUID": "e30e1be9-265a-417d-8ae7-cfafe1ec3619",
                  "isHook": false,
                  "skipped": false
                },
                {
                  "title": "add the product to cart Humidificador ",
                  "fullTitle": "Add products to shopping cart - POM, Before() and After() hooks 1. Add product with different quantities  add the product to cart Humidificador ",
                  "timedOut": false,
                  "duration": 4785,
                  "state": "passed",
                  "speed": "slow",
                  "pass": true,
                  "fail": false,
                  "pending": false,
                  "context": null,
                  "code": "await page.selectItem();\nthis.timeout(2000);",
                  "err": {},
                  "uuid": "f81f5f57-9af5-49f0-b022-081049619963",
                  "parentUUID": "e30e1be9-265a-417d-8ae7-cfafe1ec3619",
                  "isHook": false,
                  "skipped": false
                },
                {
                  "title": "Iterance 2 item Control. Enter the page, close the promotions and search for the product",
                  "fullTitle": "Add products to shopping cart - POM, Before() and After() hooks 1. Add product with different quantities  Iterance 2 item Control. Enter the page, close the promotions and search for the product",
                  "timedOut": false,
                  "duration": 2267,
                  "state": "passed",
                  "speed": "slow",
                  "pass": true,
                  "fail": false,
                  "pending": false,
                  "context": null,
                  "code": "await page.validatePageUrl(data.baseUrl);\nawait page.closePromo();\nthis.timeout(2000);\nawait page.searchArticle(data.itemToSearch[i]);\nawait page.takeScreenshot(`search_article_${i + 1}.png`);\nthis.timeout(2000);\nawait page.validateSearch(data.itemToSearch[i]);",
                  "err": {},
                  "uuid": "9364aea5-64de-44cd-b66e-9dc8f6a44a59",
                  "parentUUID": "e30e1be9-265a-417d-8ae7-cfafe1ec3619",
                  "isHook": false,
                  "skipped": false
                },
                {
                  "title": "add the product to cart Control ",
                  "fullTitle": "Add products to shopping cart - POM, Before() and After() hooks 1. Add product with different quantities  add the product to cart Control ",
                  "timedOut": false,
                  "duration": 4679,
                  "state": "passed",
                  "speed": "slow",
                  "pass": true,
                  "fail": false,
                  "pending": false,
                  "context": null,
                  "code": "await page.selectItem();\nthis.timeout(2000);",
                  "err": {},
                  "uuid": "9759a94a-5ca7-412e-814d-a76ee5085cc6",
                  "parentUUID": "e30e1be9-265a-417d-8ae7-cfafe1ec3619",
                  "isHook": false,
                  "skipped": false
                }
              ],
              "suites": [],
              "passes": [
                "958a8217-cc63-4181-8892-f009570ee17b",
                "f81f5f57-9af5-49f0-b022-081049619963",
                "9364aea5-64de-44cd-b66e-9dc8f6a44a59",
                "9759a94a-5ca7-412e-814d-a76ee5085cc6"
              ],
              "failures": [],
              "pending": [],
              "skipped": [],
              "duration": 14551,
              "root": false,
              "rootEmpty": false,
              "_timeout": 10000
            }
          ],
          "passes": [],
          "failures": [],
          "pending": [],
          "skipped": [],
          "duration": 0,
          "root": false,
          "rootEmpty": false,
          "_timeout": 2000
        }
      ],
      "passes": [],
      "failures": [],
      "pending": [],
      "skipped": [],
      "duration": 0,
      "root": true,
      "rootEmpty": true,
      "_timeout": 10000
    }
  ],
  "meta": {
    "mocha": {
      "version": "10.7.3"
    },
    "mochawesome": {
      "options": {
        "quiet": false,
        "reportFilename": "mochawesome",
        "saveHtml": true,
        "saveJson": true,
        "consoleReporter": "spec",
        "useInlineDiffs": false,
        "code": true
      },
      "version": "7.1.3"
    },
    "marge": {
      "options": null,
      "version": "6.2.0"
    }
  }
}